<?xml version="1.0" encoding="UTF-8"?>
<!-- Generated by org.testng.reporters.JUnitXMLReporter -->
<testsuite hostname="Automation-PC" ignored="0" name="Automation Positive Tests" tests="6" failures="2" timestamp="10 Mar 2019 00:06:57 GMT" time="155.919" errors="0">
  <testcase name="findFlight" time="41.622" classname="test.ExpendiaTest"/>
  <testcase name="compareCheapPriceResult" time="11.753" classname="test.ExpendiaTest"/>
  <testcase name="comparePriceResult" time="0.33" classname="test.ExpendiaTest">
    <failure type="java.lang.AssertionError" message="expected [true] but found [false]">
      <![CDATA[java.lang.AssertionError: expected [true] but found [false]
	at test.ExpendiaTest.comparePriceResult(ExpendiaTest.java:66)
... Removed 29 stack frames]]>
    </failure>
  </testcase> <!-- comparePriceResult -->
  <testcase name="showFlightsResults" time="1.409" classname="test.ExpendiaTest"/>
  <testcase name="verifyPanelAirlines" time="81.613" classname="test.ExpendiaTest">
    <failure type="java.lang.NullPointerException">
      <![CDATA[java.lang.NullPointerException
	at java.util.Objects.requireNonNull(Unknown Source)
	at org.openqa.selenium.support.ui.FluentWait.<init>(FluentWait.java:106)
	at org.openqa.selenium.support.ui.WebDriverWait.<init>(WebDriverWait.java:85)
	at org.openqa.selenium.support.ui.WebDriverWait.<init>(WebDriverWait.java:45)
	at PageObject.helpers.SmartWaits.waitForElementToBeClickable(SmartWaits.java:53)
	at PageObject.ResultFlights.verifyAirlinesPanel(ResultFlights.java:54)
	at test.ExpendiaTest.verifyPanelAirlines(ExpendiaTest.java:93)
... Removed 25 stack frames]]>
    </failure>
  </testcase> <!-- verifyPanelAirlines -->
  <testcase name="verifyText" time="19.032" classname="test.ExpendiaTest"/>
</testsuite> <!-- Automation Positive Tests -->
