<?xml version="1.0" encoding="UTF-8"?>
<testng-results skipped="0" failed="2" ignored="0" total="6" passed="4">
  <reporter-output>
  </reporter-output>
  <suite name="Expendia Suite" duration-ms="155919" started-at="2019-03-10T00:04:21Z" finished-at="2019-03-10T00:06:57Z">
    <groups>
    </groups>
    <test name="Automation Positive Tests" duration-ms="155919" started-at="2019-03-10T00:04:21Z" finished-at="2019-03-10T00:06:57Z">
      <class name="test.ExpendiaTest">
        <test-method status="PASS" signature="findFlight(java.lang.String, java.lang.String)[pri:0, instance:test.ExpendiaTest@4ddced80]" name="findFlight" duration-ms="41622" started-at="2019-03-10T00:04:21Z" finished-at="2019-03-10T00:05:03Z">
          <params>
            <param index="0">
              <value>
                <![CDATA[Madrid, Spain (MAD)]]>
              </value>
            </param>
            <param index="1">
              <value>
                <![CDATA[London, England, UK (LON-All Airports)]]>
              </value>
            </param>
          </params>
          <reporter-output>
          </reporter-output>
        </test-method> <!-- findFlight -->
        <test-method status="PASS" signature="compareCheapPriceResult(java.lang.String)[pri:0, instance:test.ExpendiaTest@4ddced80]" name="compareCheapPriceResult" duration-ms="11753" started-at="2019-03-10T00:05:03Z" depends-on-methods="test.ExpendiaTest.findFlight" finished-at="2019-03-10T00:05:15Z">
          <params>
            <param index="0">
              <value>
                <![CDATA[22.33]]>
              </value>
            </param>
          </params>
          <reporter-output>
          </reporter-output>
        </test-method> <!-- compareCheapPriceResult -->
        <test-method status="FAIL" signature="comparePriceResult(java.lang.String)[pri:0, instance:test.ExpendiaTest@4ddced80]" name="comparePriceResult" duration-ms="330" started-at="2019-03-10T00:05:15Z" depends-on-methods="test.ExpendiaTest.findFlight" finished-at="2019-03-10T00:05:15Z">
          <params>
            <param index="0">
              <value>
                <![CDATA[123.45]]>
              </value>
            </param>
          </params>
          <exception class="java.lang.AssertionError">
            <message>
              <![CDATA[expected [true] but found [false]]]>
            </message>
            <full-stacktrace>
              <![CDATA[java.lang.AssertionError: expected [true] but found [false]
	at org.testng.Assert.fail(Assert.java:94)
	at org.testng.Assert.failNotEquals(Assert.java:513)
	at org.testng.Assert.assertTrue(Assert.java:42)
	at org.testng.Assert.assertTrue(Assert.java:52)
	at test.ExpendiaTest.comparePriceResult(ExpendiaTest.java:66)
	at sun.reflect.NativeMethodAccessorImpl.invoke0(Native Method)
	at sun.reflect.NativeMethodAccessorImpl.invoke(Unknown Source)
	at sun.reflect.DelegatingMethodAccessorImpl.invoke(Unknown Source)
	at java.lang.reflect.Method.invoke(Unknown Source)
	at org.testng.internal.MethodInvocationHelper.invokeMethod(MethodInvocationHelper.java:104)
	at org.testng.internal.Invoker.invokeMethod(Invoker.java:645)
	at org.testng.internal.Invoker.invokeTestMethod(Invoker.java:851)
	at org.testng.internal.Invoker.invokeTestMethods(Invoker.java:1177)
	at org.testng.internal.TestMethodWorker.invokeTestMethods(TestMethodWorker.java:129)
	at org.testng.internal.TestMethodWorker.run(TestMethodWorker.java:112)
	at org.testng.TestRunner.privateRun(TestRunner.java:756)
	at org.testng.TestRunner.run(TestRunner.java:610)
	at org.testng.SuiteRunner.runTest(SuiteRunner.java:387)
	at org.testng.SuiteRunner.runSequentially(SuiteRunner.java:382)
	at org.testng.SuiteRunner.privateRun(SuiteRunner.java:340)
	at org.testng.SuiteRunner.run(SuiteRunner.java:289)
	at org.testng.SuiteRunnerWorker.runSuite(SuiteRunnerWorker.java:52)
	at org.testng.SuiteRunnerWorker.run(SuiteRunnerWorker.java:86)
	at org.testng.TestNG.runSuitesSequentially(TestNG.java:1293)
	at org.testng.TestNG.runSuitesLocally(TestNG.java:1218)
	at org.testng.TestNG.runSuites(TestNG.java:1133)
	at org.testng.TestNG.run(TestNG.java:1104)
	at org.testng.remote.AbstractRemoteTestNG.run(AbstractRemoteTestNG.java:115)
	at org.testng.remote.RemoteTestNG.initAndRun(RemoteTestNG.java:251)
	at org.testng.remote.RemoteTestNG.main(RemoteTestNG.java:77)
]]>
            </full-stacktrace>
          </exception> <!-- java.lang.AssertionError -->
          <reporter-output>
          </reporter-output>
        </test-method> <!-- comparePriceResult -->
        <test-method status="PASS" signature="showFlightsResults()[pri:0, instance:test.ExpendiaTest@4ddced80]" name="showFlightsResults" duration-ms="1409" started-at="2019-03-10T00:05:15Z" depends-on-methods="test.ExpendiaTest.findFlight" finished-at="2019-03-10T00:05:17Z">
          <reporter-output>
          </reporter-output>
        </test-method> <!-- showFlightsResults -->
        <test-method status="FAIL" signature="verifyPanelAirlines()[pri:0, instance:test.ExpendiaTest@4ddced80]" name="verifyPanelAirlines" duration-ms="81613" started-at="2019-03-10T00:05:17Z" depends-on-methods="test.ExpendiaTest.findFlight" finished-at="2019-03-10T00:06:38Z">
          <exception class="java.lang.NullPointerException">
            <full-stacktrace>
              <![CDATA[java.lang.NullPointerException
	at java.util.Objects.requireNonNull(Unknown Source)
	at org.openqa.selenium.support.ui.FluentWait.<init>(FluentWait.java:106)
	at org.openqa.selenium.support.ui.WebDriverWait.<init>(WebDriverWait.java:85)
	at org.openqa.selenium.support.ui.WebDriverWait.<init>(WebDriverWait.java:45)
	at PageObject.helpers.SmartWaits.waitForElementToBeClickable(SmartWaits.java:53)
	at PageObject.ResultFlights.verifyAirlinesPanel(ResultFlights.java:54)
	at test.ExpendiaTest.verifyPanelAirlines(ExpendiaTest.java:93)
	at sun.reflect.NativeMethodAccessorImpl.invoke0(Native Method)
	at sun.reflect.NativeMethodAccessorImpl.invoke(Unknown Source)
	at sun.reflect.DelegatingMethodAccessorImpl.invoke(Unknown Source)
	at java.lang.reflect.Method.invoke(Unknown Source)
	at org.testng.internal.MethodInvocationHelper.invokeMethod(MethodInvocationHelper.java:104)
	at org.testng.internal.Invoker.invokeMethod(Invoker.java:645)
	at org.testng.internal.Invoker.invokeTestMethod(Invoker.java:851)
	at org.testng.internal.Invoker.invokeTestMethods(Invoker.java:1177)
	at org.testng.internal.TestMethodWorker.invokeTestMethods(TestMethodWorker.java:129)
	at org.testng.internal.TestMethodWorker.run(TestMethodWorker.java:112)
	at org.testng.TestRunner.privateRun(TestRunner.java:756)
	at org.testng.TestRunner.run(TestRunner.java:610)
	at org.testng.SuiteRunner.runTest(SuiteRunner.java:387)
	at org.testng.SuiteRunner.runSequentially(SuiteRunner.java:382)
	at org.testng.SuiteRunner.privateRun(SuiteRunner.java:340)
	at org.testng.SuiteRunner.run(SuiteRunner.java:289)
	at org.testng.SuiteRunnerWorker.runSuite(SuiteRunnerWorker.java:52)
	at org.testng.SuiteRunnerWorker.run(SuiteRunnerWorker.java:86)
	at org.testng.TestNG.runSuitesSequentially(TestNG.java:1293)
	at org.testng.TestNG.runSuitesLocally(TestNG.java:1218)
	at org.testng.TestNG.runSuites(TestNG.java:1133)
	at org.testng.TestNG.run(TestNG.java:1104)
	at org.testng.remote.AbstractRemoteTestNG.run(AbstractRemoteTestNG.java:115)
	at org.testng.remote.RemoteTestNG.initAndRun(RemoteTestNG.java:251)
	at org.testng.remote.RemoteTestNG.main(RemoteTestNG.java:77)
]]>
            </full-stacktrace>
          </exception> <!-- java.lang.NullPointerException -->
          <reporter-output>
          </reporter-output>
        </test-method> <!-- verifyPanelAirlines -->
        <test-method status="PASS" signature="verifyText()[pri:0, instance:test.ExpendiaTest@4ddced80]" name="verifyText" duration-ms="19032" started-at="2019-03-10T00:06:38Z" depends-on-methods="test.ExpendiaTest.findFlight" finished-at="2019-03-10T00:06:57Z">
          <reporter-output>
          </reporter-output>
        </test-method> <!-- verifyText -->
        <test-method status="PASS" signature="cleanUp()[pri:0, instance:test.ExpendiaTest@4ddced80]" name="cleanUp" is-config="true" duration-ms="1" started-at="2019-03-10T00:06:57Z" finished-at="2019-03-10T00:06:57Z">
          <reporter-output>
          </reporter-output>
        </test-method> <!-- cleanUp -->
      </class> <!-- test.ExpendiaTest -->
    </test> <!-- Automation Positive Tests -->
  </suite> <!-- Expendia Suite -->
</testng-results>
